Copyright 1986-2020 Xilinx, Inc. All Rights Reserved.
------------------------------------------------------------------------------------------------------------
| Tool Version : Vivado v.2020.2 (win64) Build 3064766 Wed Nov 18 09:12:45 MST 2020
| Date         : Sat Jan  9 12:09:41 2021
| Host         : Gebruiker-PC running 64-bit major release  (build 9200)
| Command      : report_drc -file Counter_drc_opted.rpt -pb Counter_drc_opted.pb -rpx Counter_drc_opted.rpx
| Design       : Counter
| Device       : xc7z007sclg400-1
| Speed File   : -1
| Design State : Synthesized
------------------------------------------------------------------------------------------------------------

Report DRC

Table of Contents
-----------------
1. REPORT SUMMARY
2. REPORT DETAILS

1. REPORT SUMMARY
-----------------
            Netlist: netlist
          Floorplan: design_1
      Design limits: <entire design considered>
           Ruledeck: default
             Max violations: <unlimited>
             Violations found: 3
+--------+----------+-------------------------------------------------------------------+------------+
| Rule   | Severity | Description                                                       | Violations |
+--------+----------+-------------------------------------------------------------------+------------+
| ZPS7-1 | Warning  | PS7 block required                                                | 1          |
| AVAL-4 | Advisory | enum_USE_DPORT_FALSE_enum_DREG_ADREG_0_connects_CED_CEAD_RSTD_GND | 1          |
| AVAL-5 | Advisory | enum_USE_MULT_NONE_enum_DREG_ADREG_0_connects_CED_CEAD_RSTD_GND   | 1          |
+--------+----------+-------------------------------------------------------------------+------------+

2. REPORT DETAILS
-----------------
ZPS7-1#1 Warning
PS7 block required  
The PS7 cell must be used in this Zynq design in order to enable correct default configuration.
Related violations: <none>

AVAL-4#1 Advisory
enum_USE_DPORT_FALSE_enum_DREG_ADREG_0_connects_CED_CEAD_RSTD_GND  
cCOUNTER_TC/bl.DSP48E_2: DSP48E1 is not using the D port (USE_DPORT = FALSE). For improved power characteristics, set DREG and ADREG to '1', tie CED, CEAD, and RSTD to logic '0'.
Related violations: <none>

AVAL-5#1 Advisory
enum_USE_MULT_NONE_enum_DREG_ADREG_0_connects_CED_CEAD_RSTD_GND  
cCOUNTER_TC/bl.DSP48E_2: DSP48E1 is not using the Multiplier (USE_MULT = NONE). For improved power characteristics, set DREG and ADREG to '1', tie CED, CEAD, and RSTD to logic '0'.
Related violations: <none>


